\BOOKMARK [-1][-]{part.1}{I Leistungsspektrum:}{}% 1
\BOOKMARK [-1][-]{part.2}{II Dokumentation DiPP 2.25.3a}{}% 2
\BOOKMARK [0][-]{chapter.1}{Einleitung}{part.2}% 3
\BOOKMARK [0][-]{chapter.2}{Publikation wissenschaftlicher Artikel}{part.2}% 4
\BOOKMARK [1][-]{section.2.1}{Editorial Toolbox}{chapter.2}% 5
\BOOKMARK [1][-]{section.2.2}{Artikel formatieren}{chapter.2}% 6
\BOOKMARK [1][-]{section.2.3}{Zusatzmaterial}{chapter.2}% 7
\BOOKMARK [1][-]{section.2.4}{Kommentare}{chapter.2}% 8
\BOOKMARK [1][-]{section.2.5}{Z\344hlmarken}{chapter.2}% 9
\BOOKMARK [1][-]{section.2.6}{DOAJ}{chapter.2}% 10
\BOOKMARK [1][-]{section.2.7}{Publikationsworkflow}{chapter.2}% 11
\BOOKMARK [0][-]{chapter.3}{Jahrg\344nge und Ausgaben}{part.2}% 12
\BOOKMARK [1][-]{section.3.1}{Jahrg\344nge, Ausgaben und FedoraHierarchien}{chapter.3}% 13
\BOOKMARK [1][-]{section.3.2}{Sonderausgaben}{chapter.3}% 14
\BOOKMARK [1][-]{section.3.3}{Sektionen}{chapter.3}% 15
\BOOKMARK [0][-]{chapter.4}{Portlets}{part.2}% 16
\BOOKMARK [1][-]{section.4.1}{Suche portlet\137articlesearch}{chapter.4}% 17
\BOOKMARK [1][-]{section.4.2}{Automatisches Inhaltsverzeichnis portlet\137autotoc}{chapter.4}% 18
\BOOKMARK [1][-]{section.4.3}{Aktuelle Ausgabe portlet\137currentissue}{chapter.4}% 19
\BOOKMARK [1][-]{section.4.4}{DiPP Navigation portlet\137dippnav}{chapter.4}% 20
\BOOKMARK [1][-]{section.4.5}{Editorial Toolbox portlet\137editorialtoolbox}{chapter.4}% 21
\BOOKMARK [1][-]{section.4.6}{Feeds portlet\137feeds}{chapter.4}% 22
\BOOKMARK [1][-]{section.4.7}{ISSN portlet\137issn}{chapter.4}% 23
\BOOKMARK [1][-]{section.4.8}{Newsletter portlet\137newsletter}{chapter.4}% 24
\BOOKMARK [1][-]{section.4.9}{Aktuelle Artikel portlet\137recentarticles}{chapter.4}% 25
\BOOKMARK [1][-]{section.4.10}{Suche portlet\137search}{chapter.4}% 26
\BOOKMARK [1][-]{section.4.11}{Inhaltsverzeichnis portlet\137toc}{chapter.4}% 27
\BOOKMARK [0][-]{chapter.5}{Konfiguration}{part.2}% 28
\BOOKMARK [1][-]{section.5.1}{dipp\137properties \(DiPP properties\)}{chapter.5}% 29
\BOOKMARK [1][-]{section.5.2}{metadata\137properties \(QDC Metadata properties\)}{chapter.5}% 30
\BOOKMARK [1][-]{section.5.3}{member\137properties \(Extended member properties\)}{chapter.5}% 31
\BOOKMARK [1][-]{section.5.4}{dippreview\137properties \(DiPPReview properties\)}{chapter.5}% 32
\BOOKMARK [1][-]{section.5.5}{site\137properties}{chapter.5}% 33
\BOOKMARK [0][-]{chapter.6}{Changelog}{part.2}% 34
\BOOKMARK [1][-]{section.6.1}{DiPP 2.26 \(2019-??-??\)}{chapter.6}% 35
\BOOKMARK [1][-]{section.6.2}{DiPP 2.25.1 \(2018-01-19\)}{chapter.6}% 36
\BOOKMARK [1][-]{section.6.3}{DiPP 2.25 \(2018-01-19\)}{chapter.6}% 37
\BOOKMARK [1][-]{section.6.4}{DiPP 2.24 \(unreleased\)}{chapter.6}% 38
\BOOKMARK [1][-]{section.6.5}{DiPP 2.23 \(2016-10-07\)}{chapter.6}% 39
\BOOKMARK [1][-]{section.6.6}{DiPP 2.22 \(2016-07-27\)}{chapter.6}% 40
\BOOKMARK [1][-]{section.6.7}{DiPP 2.21 \(2016-07-27\)}{chapter.6}% 41
\BOOKMARK [1][-]{section.6.8}{DiPP 2.20 \(unreleased\)}{chapter.6}% 42
\BOOKMARK [1][-]{section.6.9}{DiPP 2.19 \(2014-08-29\)}{chapter.6}% 43
\BOOKMARK [1][-]{section.6.10}{DiPP 2.18 \(2014-02-06\)}{chapter.6}% 44
\BOOKMARK [1][-]{section.6.11}{DiPP 2.17 \(2014-01-23\)}{chapter.6}% 45
\BOOKMARK [1][-]{section.6.12}{DiPP 2.16 \(2014-01-13\)}{chapter.6}% 46
\BOOKMARK [1][-]{section.6.13}{DiPP 2.15 \(2013-12-27\)}{chapter.6}% 47
\BOOKMARK [1][-]{section.6.14}{DiPP 2.14 \(2013-11-26\)}{chapter.6}% 48
\BOOKMARK [1][-]{section.6.15}{DiPP 2.13 \(2013-09-18\)}{chapter.6}% 49
\BOOKMARK [1][-]{section.6.16}{DiPP 2.12 \(2013-06-05\)}{chapter.6}% 50
\BOOKMARK [1][-]{section.6.17}{DiPP 2.11 \(2013-02-22\)}{chapter.6}% 51
\BOOKMARK [1][-]{section.6.18}{DiPP 2.10 \(2012-10-12\)}{chapter.6}% 52
\BOOKMARK [1][-]{section.6.19}{DiPP 2.9.9 \(2012-04-19\)}{chapter.6}% 53
\BOOKMARK [1][-]{section.6.20}{DiPP 2.9.8 \(2012-04-04\)}{chapter.6}% 54
\BOOKMARK [1][-]{section.6.21}{DiPP 2.9.7 \(2012-04-02\)}{chapter.6}% 55
\BOOKMARK [1][-]{section.6.22}{DiPP 2.9.7 \(2012-04-02\)}{chapter.6}% 56
\BOOKMARK [1][-]{section.6.23}{DiPP 2.9.5 \(2012-03-12\)}{chapter.6}% 57
\BOOKMARK [1][-]{section.6.24}{DiPP 2.9.5 \(2012-03-13\)}{chapter.6}% 58
\BOOKMARK [1][-]{section.6.25}{DiPP 2.9.4 \(2012-01-19\)}{chapter.6}% 59
\BOOKMARK [1][-]{section.6.26}{DiPP 2.9.3 \(2011-10-20\)}{chapter.6}% 60
\BOOKMARK [1][-]{section.6.27}{DiPP 2.9.2 \(2011-10-11\)}{chapter.6}% 61
\BOOKMARK [1][-]{section.6.28}{DiPP 2.9.1 \(2011-10-10\)}{chapter.6}% 62
\BOOKMARK [1][-]{section.6.29}{DiPP 2.9 \(2011-09-28\)}{chapter.6}% 63
\BOOKMARK [1][-]{section.6.30}{DiPP 2.8.1 \(2011-07-20\)}{chapter.6}% 64
\BOOKMARK [1][-]{section.6.31}{DiPP 2.8 \(2011-07-18\)}{chapter.6}% 65
\BOOKMARK [1][-]{section.6.32}{DiPP 2.7.2 \(2011-06-29\)}{chapter.6}% 66
\BOOKMARK [1][-]{section.6.33}{DiPP 2.7.1 \(2011-04-21\)}{chapter.6}% 67
\BOOKMARK [1][-]{section.6.34}{DiPP 2.7 \(2011-04-18\)}{chapter.6}% 68
\BOOKMARK [1][-]{section.6.35}{DiPP 2.6.4 \(2011-03-23\)}{chapter.6}% 69
\BOOKMARK [1][-]{section.6.36}{DiPP 2.6.3 \(2011-03-22\)}{chapter.6}% 70
\BOOKMARK [1][-]{section.6.37}{DiPP 2.6.2 \(2011-03-10\)}{chapter.6}% 71
\BOOKMARK [1][-]{section.6.38}{DiPP 2.6.1 \(2011-02-24\)}{chapter.6}% 72
\BOOKMARK [1][-]{section.6.39}{DiPP 2.6 \(2011-02-24\)}{chapter.6}% 73
\BOOKMARK [1][-]{section.6.40}{DiPP 2.5.5 \(2011-02-14\)}{chapter.6}% 74
\BOOKMARK [1][-]{section.6.41}{DiPP 2.5.4 \(2010-11-29\)}{chapter.6}% 75
\BOOKMARK [1][-]{section.6.42}{DiPP 2.5.3 \(2010-11-18\)}{chapter.6}% 76
\BOOKMARK [1][-]{section.6.43}{DiPP 2.5.2 \(2010-10-22\)}{chapter.6}% 77
\BOOKMARK [1][-]{section.6.44}{DiPP 2.5.1 \(2010-10-08\)}{chapter.6}% 78
\BOOKMARK [1][-]{section.6.45}{DiPP 2.5 \(2010-09-30\)}{chapter.6}% 79
\BOOKMARK [1][-]{section.6.46}{DiPP 2.4.10 \(2010-09-08\)}{chapter.6}% 80
\BOOKMARK [1][-]{section.6.47}{DiPP 2.4.9 \(2010-09-02\)}{chapter.6}% 81
\BOOKMARK [1][-]{section.6.48}{DiPP 2.4.8 \(2010-08-25\)}{chapter.6}% 82
\BOOKMARK [1][-]{section.6.49}{DiPP 2.4.7 \(2010-08-24\)}{chapter.6}% 83
\BOOKMARK [1][-]{section.6.50}{DiPP 2.4.6 \(2010-07-28\)}{chapter.6}% 84
\BOOKMARK [1][-]{section.6.51}{DiPP 2.4.5 \(2010-07-28\)}{chapter.6}% 85
\BOOKMARK [1][-]{section.6.52}{DiPP 2.4.4 \(2010-07-23\)}{chapter.6}% 86
\BOOKMARK [1][-]{section.6.53}{DiPP 2.4.3 \(2010-07-12\)}{chapter.6}% 87
\BOOKMARK [1][-]{section.6.54}{DiPP 2.4.2 \(2010-06-30\)}{chapter.6}% 88
\BOOKMARK [1][-]{section.6.55}{DiPP 2.4.1 \(2010-06-29\)}{chapter.6}% 89
\BOOKMARK [1][-]{section.6.56}{DiPP 2.4 \(2010-06-22\)}{chapter.6}% 90
\BOOKMARK [1][-]{section.6.57}{DiPP 2.3.6 \(2010-05-27\)}{chapter.6}% 91
\BOOKMARK [0][-]{chapter.7}{Anhang}{part.2}% 92
\BOOKMARK [1][-]{section.7.1}{API/Interfaces}{chapter.7}% 93
\BOOKMARK [1][-]{section.7.2}{Product.DiPP}{chapter.7}% 94
\BOOKMARK [1][-]{section.7.3}{Glossar}{chapter.7}% 95
\BOOKMARK [-1][-]{part.3}{III Index}{}% 96
\BOOKMARK [-1][-]{part.4}{IV Andere Formate}{}% 97
\BOOKMARK [0][-]{section*.95}{Python-Modulindex}{part.4}% 98
\BOOKMARK [0][-]{section*.96}{Stichwortverzeichnis}{part.4}% 99
